<?xml version="1.0" encoding="UTF-8"?>
<testng-results ignored="0" total="1" passed="1" failed="0" skipped="0">
  <reporter-output>
  </reporter-output>
  <suite started-at="2020-07-24T18:55:29Z" name="Suite" finished-at="2020-07-24T18:55:59Z" duration-ms="30499">
    <groups>
      <group name="regression">
        <method signature="TC_002.amazon()[pri:0, instance:com.project.JuneMavenSelenium6_30PMBatch.TC_002@4a883b15]" name="amazon" class="com.project.JuneMavenSelenium6_30PMBatch.TC_002"/>
      </group> <!-- regression -->
      <group name="sanity">
        <method signature="TC_002.amazon()[pri:0, instance:com.project.JuneMavenSelenium6_30PMBatch.TC_002@4a883b15]" name="amazon" class="com.project.JuneMavenSelenium6_30PMBatch.TC_002"/>
      </group> <!-- sanity -->
    </groups>
    <test started-at="2020-07-24T18:55:29Z" name="Test" finished-at="2020-07-24T18:55:59Z" duration-ms="30499">
      <class name="com.project.JuneMavenSelenium6_30PMBatch.TC_002">
        <test-method is-config="true" signature="startProcess(java.lang.String)[pri:0, instance:com.project.JuneMavenSelenium6_30PMBatch.TC_002@4a883b15]" started-at="2020-07-24T18:55:29Z" name="startProcess" finished-at="2020-07-24T18:55:54Z" duration-ms="24881" status="PASS">
          <params>
            <param index="0">
              <value>
                <![CDATA[chrome]]>
              </value>
            </param>
          </params>
          <reporter-output>
          </reporter-output>
        </test-method> <!-- startProcess -->
        <test-method signature="amazon()[pri:0, instance:com.project.JuneMavenSelenium6_30PMBatch.TC_002@4a883b15]" started-at="2020-07-24T18:55:54Z" name="amazon" finished-at="2020-07-24T18:55:58Z" duration-ms="4613" status="PASS">
          <reporter-output>
          </reporter-output>
        </test-method> <!-- amazon -->
        <test-method is-config="true" signature="endProcess()[pri:0, instance:com.project.JuneMavenSelenium6_30PMBatch.TC_002@4a883b15]" started-at="2020-07-24T18:55:58Z" name="endProcess" finished-at="2020-07-24T18:55:59Z" duration-ms="979" status="PASS">
          <reporter-output>
          </reporter-output>
        </test-method> <!-- endProcess -->
      </class> <!-- com.project.JuneMavenSelenium6_30PMBatch.TC_002 -->
    </test> <!-- Test -->
  </suite> <!-- Suite -->
</testng-results>
